2024-03-20T08:07:45: 
2024-03-20T08:07:45: > start
2024-03-20T08:07:45: > tsx watch src/index.ts
2024-03-20T08:07:45: 
2024-03-20T08:07:45: 8:07:45 AM [tsx] rerunning
2024-03-20T08:07:46: (node:1537290) [DEP0040] DeprecationWarning: The `punycode` module is deprecated. Please use a userland alternative instead.
2024-03-20T08:07:46: (Use `node --trace-deprecation ...` to show where the warning was created)
2024-03-20T08:07:47: Connected to the database
2024-03-20T08:07:47: Server is running on port 4000
2024-03-20T08:09:33:   <-- GET /
2024-03-20T08:09:33:   --> GET / [32m200[0m 6ms
2024-03-20T08:09:33:   <-- GET /favicon.ico
2024-03-20T08:09:33:   --> GET /favicon.ico [33m404[0m 1ms
2024-03-20T15:49:00:   <-- GET /
2024-03-20T15:49:00:   --> GET / [32m200[0m 1ms
2024-03-20T15:49:06:   <-- GET /favicon.ico
2024-03-20T15:49:06:   --> GET /favicon.ico [33m404[0m 1ms
2024-03-20T18:01:18: 
2024-03-20T18:01:18: > start
2024-03-20T18:01:18: > tsx watch src/index.ts
2024-03-20T18:01:18: 
2024-03-20T18:01:18: 6:01:18 PM [tsx] rerunning
2024-03-20T18:01:18: c
2024-03-20T18:01:19: (node:1599733) [DEP0040] DeprecationWarning: The `punycode` module is deprecated. Please use a userland alternative instead.
2024-03-20T18:01:19: (Use `node --trace-deprecation ...` to show where the warning was created)
2024-03-20T18:01:20: Connected to the database
2024-03-20T18:01:20: Server is running on port 4000
2024-03-20T18:05:27: 
2024-03-20T18:05:27: > start
2024-03-20T18:05:27: > tsx watch src/index.ts
2024-03-20T18:05:27: 
2024-03-20T18:05:27: 6:05:27 PM [tsx] rerunning
2024-03-20T18:05:27: c
2024-03-20T18:05:28: (node:1600088) [DEP0040] DeprecationWarning: The `punycode` module is deprecated. Please use a userland alternative instead.
2024-03-20T18:05:28: (Use `node --trace-deprecation ...` to show where the warning was created)
2024-03-20T18:05:29: Connected to the database
2024-03-20T18:05:29: Server is running on port 4000
2024-03-20T18:48:43: 
2024-03-20T18:48:43: > start
2024-03-20T18:48:43: > tsx watch src/index.ts
2024-03-20T18:48:43: 
2024-03-20T18:48:44: 6:48:43 PM [tsx] rerunning
2024-03-20T18:48:44: c
2024-03-20T18:48:45: (node:1606673) [DEP0040] DeprecationWarning: The `punycode` module is deprecated. Please use a userland alternative instead.
2024-03-20T18:48:45: (Use `node --trace-deprecation ...` to show where the warning was created)
2024-03-20T18:48:45: Connected to the database
2024-03-20T18:48:45: Server is running on port 4000
2024-03-20T19:05:45:   <-- OPTIONS /api/v1/archives/
2024-03-20T19:05:45:   --> OPTIONS /api/v1/archives/ [32m204[0m 9ms
2024-03-20T19:05:45:   <-- GET /api/v1/archives/
2024-03-20T19:05:45:   --> GET /api/v1/archives/ [33m404[0m 2ms
2024-03-20T19:05:58:   <-- OPTIONS /api/v1/archives/
2024-03-20T19:05:58:   --> OPTIONS /api/v1/archives/ [32m204[0m 2ms
2024-03-20T19:05:58:   <-- GET /api/v1/archives/
2024-03-20T19:05:58:   --> GET /api/v1/archives/ [33m404[0m 2ms
2024-03-20T19:06:08:   <-- OPTIONS /api/v1/archives/
2024-03-20T19:06:08:   --> OPTIONS /api/v1/archives/ [32m204[0m 1ms
2024-03-20T19:06:08:   <-- GET /api/v1/archives/
2024-03-20T19:06:08:   --> GET /api/v1/archives/ [33m404[0m 1ms
2024-03-20T19:07:45:   <-- OPTIONS /api/v1/archives/
2024-03-20T19:07:45:   --> OPTIONS /api/v1/archives/ [32m204[0m 1ms
2024-03-20T19:07:45:   <-- GET /api/v1/archives/
2024-03-20T19:07:45:   --> GET /api/v1/archives/ [33m404[0m 1ms
2024-03-20T19:09:25:   <-- OPTIONS /api/v1/archives/
2024-03-20T19:09:25:   --> OPTIONS /api/v1/archives/ [32m204[0m 3ms
2024-03-20T19:09:25:   <-- GET /api/v1/archives/
2024-03-20T19:09:25:   --> GET /api/v1/archives/ [33m404[0m 1ms
2024-03-20T19:09:45:   <-- OPTIONS /api/v1/archives/
2024-03-20T19:09:45:   --> OPTIONS /api/v1/archives/ [32m204[0m 1ms
2024-03-20T19:09:45:   <-- GET /api/v1/archives/
2024-03-20T19:09:45:   --> GET /api/v1/archives/ [33m404[0m 0ms
2024-03-20T19:09:59:   <-- OPTIONS /api/v1/archives/
2024-03-20T19:09:59:   --> OPTIONS /api/v1/archives/ [32m204[0m 3ms
2024-03-20T19:09:59:   <-- GET /api/v1/archives/
2024-03-20T19:09:59:   --> GET /api/v1/archives/ [33m404[0m 0ms
2024-03-20T19:10:59:   <-- OPTIONS /api/v1/archives/
2024-03-20T19:10:59:   --> OPTIONS /api/v1/archives/ [32m204[0m 1ms
2024-03-20T19:10:59:   <-- GET /api/v1/archives/
2024-03-20T19:10:59:   --> GET /api/v1/archives/ [33m404[0m 1ms
2024-03-20T19:11:38:   <-- OPTIONS /api/v1/archives/
2024-03-20T19:11:38:   --> OPTIONS /api/v1/archives/ [32m204[0m 1ms
2024-03-20T19:11:38:   <-- GET /api/v1/archives/
2024-03-20T19:11:38:   --> GET /api/v1/archives/ [33m404[0m 1ms
2024-03-20T19:12:09:   <-- OPTIONS /api/v1/archives/
2024-03-20T19:12:09:   --> OPTIONS /api/v1/archives/ [32m204[0m 1ms
2024-03-20T19:12:09:   <-- GET /api/v1/archives/
2024-03-20T19:12:09:   --> GET /api/v1/archives/ [33m404[0m 0ms
2024-03-20T19:13:41:   <-- OPTIONS /api/v1/archives/
2024-03-20T19:13:41:   --> OPTIONS /api/v1/archives/ [32m204[0m 1ms
2024-03-20T19:13:41:   <-- GET /api/v1/archives/
2024-03-20T19:13:41:   --> GET /api/v1/archives/ [33m404[0m 7ms
2024-03-20T21:39:30:   <-- OPTIONS /api/v1/archives/
2024-03-20T21:39:30:   --> OPTIONS /api/v1/archives/ [32m204[0m 1ms
2024-03-20T21:39:30:   <-- GET /api/v1/archives/
2024-03-20T21:39:30:   --> GET /api/v1/archives/ [33m404[0m 1ms
2024-03-20T21:39:45:   <-- OPTIONS /api/v1/archives/
2024-03-20T21:39:45:   --> OPTIONS /api/v1/archives/ [32m204[0m 1ms
2024-03-20T21:39:45:   <-- GET /api/v1/archives/
2024-03-20T21:39:45:   --> GET /api/v1/archives/ [33m404[0m 1ms
